<?xml version="1.0" encoding="UTF-8"?>
<testExecutions version="1">
  <file path="C:\Users\Adrian Perdomo\Desktop\Universidad\Semestre 7\Validacion\f4y-server\tests\mocks\cuentas_mocks.test.js">
    <testCase name="Pruebas para crear cuenta Con datos correctos " duration="240"/>
    <testCase name="Pruebas para crear cuenta Con datos incorrectos  Sin numero de identificacion" duration="17"/>
    <testCase name="Pruebas para crear cuenta Con datos incorrectos  Sin numero de identificacion" duration="12"/>
    <testCase name="Pruebas para crear cuenta Con datos incorrectos  Sin primer nombre" duration="18"/>
    <testCase name="Pruebas para crear cuenta Con datos incorrectos  Sin primer apellido" duration="16"/>
    <testCase name="Pruebas para crear cuenta Con datos ya registrados Con correo ya registrado" duration="13"/>
    <testCase name="Pruebas para crear cuenta Con datos ya registrados Con identificacion ya registrada" duration="15"/>
  </file>
</testExecutions>